[momentum-template.webflow.io/index.html]
[backblue.gif]
[fade.gif]
[index.html]
[uploads-ssl.webflow.com/5af49de0dbb1e3637f2d8886/css/momentum-template.webflow.7a4e83543.css]
[ajax.googleapis.com/ajax/libs/webfont/1.4.7/webfont.js]
[daks2k3a4ib2z.cloudfront.net/img/webclip.png]
[uploads-ssl.webflow.com/5af49de0dbb1e3637f2d8886/5af4a442dbb1e30d142d8f6c_logo-white.png]
[uploads-ssl.webflow.com/5af49de0dbb1e3637f2d8886/5b10d0ee7f483cdf4e9ca8f8_img-top.png]
[uploads-ssl.webflow.com/5af49de0dbb1e3637f2d8886/5afa1b861bc189407c1a9b2c_dash-device.png]
[uploads-ssl.webflow.com/5af49de0dbb1e3637f2d8886/5b11c6a9804c1fef0bd52833_app-06.png]
[uploads-ssl.webflow.com/5af49de0dbb1e3637f2d8886/5b11bd467f519f18c7efccba_app-05.png]
[uploads-ssl.webflow.com/5af49de0dbb1e3637f2d8886/5b10d56ff2733b40d5e55e64_app-04.png]
[uploads-ssl.webflow.com/5af49de0dbb1e3637f2d8886/5afa50601bc189f92b1ad1f1_img-003.jpg]
[uploads-ssl.webflow.com/5af49de0dbb1e3637f2d8886/5afa506095815377cd097a34_img-002.jpg]
[uploads-ssl.webflow.com/5af49de0dbb1e3637f2d8886/5b11c4dc541a84578a131910_logos.png]
[uploads-ssl.webflow.com/5af49de0dbb1e3637f2d8886/5b10cd0c3a8396da6772516b_bg-apps.jpg]
[uploads-ssl.webflow.com/5af49de0dbb1e3637f2d8886/5b149b03d0d5fe3279f270f1_icon-footer.png]
[code.jquery.com/jquery-3.3.1.min.js]
[momentum-template.webflow.io/index.html]
[uploads-ssl.webflow.com/5af49de0dbb1e3637f2d8886/js/webflow.85c1db4b0.js]
[uploads-ssl.webflow.com/5af49de0dbb1e3637f2d8886/5af6168e5102165f6d11db30_richard-01.jpg]
[uploads-ssl.webflow.com/5af49de0dbb1e3637f2d8886/5af6177e22d5960554b56723_richard-02.jpg]
[uploads-ssl.webflow.com/5af49de0dbb1e3637f2d8886/5af9b85284ec1bbe58822e3a_richard-03.jpg]
[uploads-ssl.webflow.com/5af49de0dbb1e3637f2d8886/5af9f2dd031f624a2ee0bef2_bg-001.jpg]
[uploads-ssl.webflow.com/5af49de0dbb1e3637f2d8886/5af9f265958153dae408dd69_bg-001.jpg]
[uploads-ssl.webflow.com/5af49de0dbb1e3637f2d8886/5afa034c99826e00702cd9a7_bg-003.jpg]
[uploads-ssl.webflow.com/5af49de0dbb1e3637f2d8886/css/momentum-template.webflow.7a4e83543.css]
[momentum-template.webflow.io/image-license-info.html]
